<?xml version="1.0" encoding="UTF-8"?>
<!-- Generated by org.testng.reporters.JUnitXMLReporter -->
<testsuite ignored="11" hostname="DESKTOP-C47RPAV" failures="0" tests="30" name="Core Functional Tests" time="32.297" errors="0" timestamp="2025-05-29T22:29:51 GET">
  <testcase classname="tests.DelaysTest" name="verifyHeaderText" time="0.025"/>
  <testcase classname="tests.DelaysTest" name="testDelaysPage" time="10.165"/>
  <testcase classname="tests.FormFieldsTest" name="verifyHeaderText" time="0.018"/>
  <testcase classname="tests.FormFieldsTest" name="fillFields" time="0.654"/>
  <testcase classname="tests.FormFieldsTest" name="acceptAlert" time="0.011"/>
  <testcase classname="tests.PopupsTest" name="verifyHeaderText" time="0.017"/>
  <testcase classname="tests.PopupsTest" name="testAlertPopup" time="0.048"/>
  <testcase classname="tests.PopupsTest" name="testConfirmPopup" time="0.148"/>
  <testcase classname="tests.PopupsTest" name="testPromptPopup" time="0.129"/>
  <testcase classname="tests.SliderTest" name="verifyHeaderText" time="0.016"/>
  <testcase classname="tests.SliderTest" name="moveSliderBy101" time="0.024"/>
  <testcase classname="tests.SliderTest" name="moveSliderBy50" time="0.017"/>
  <testcase classname="tests.SliderTest" name="moveSliderByNegative1" time="0.018"/>
  <testcase classname="tests.CalendarsTest" name="verifyHeaderText" time="0.011"/>
  <testcase classname="tests.CalendarsTest" name="verifyDateSelection" time="0.027"/>
  <testcase classname="tests.ModalsTest" name="verifyHeaderText" time="0.017"/>
  <testcase classname="tests.ModalsTest" name="verifySimpleModal" time="0.656"/>
  <testcase classname="tests.ModalsTest" name="verifyFormModal" time="0.743"/>
  <testcase classname="tests.TablesTest" name="verifyHeaderText" time="0.012"/>
  <testcase classname="tests.TablesTest" name="verifyItemsPrices" time="0.11"/>
  <testcase classname="tests.WindowOperationsTest" name="verifyHeaderText" time="0.012"/>
  <testcase classname="tests.WindowOperationsTest" name="verifyNewTabOpensAndCloses" time="1.329"/>
  <testcase classname="tests.WindowOperationsTest" name="verifyWindowIsReplaced" time="0.521"/>
  <testcase classname="tests.WindowOperationsTest" name="verifyNewWindowOpensAndCloses" time="0.593"/>
  <testcase classname="tests.HoverTest" name="verifyHeaderText" time="0.012"/>
  <testcase classname="tests.HoverTest" name="verifyHoverWorks" time="0.157"/>
  <testcase classname="tests.AdsTest" name="verifyHeaderText" time="0.034"/>
  <testcase classname="tests.AdsTest" name="verifyAd" time="4.918"/>
  <testcase classname="tests.GesturesTest" name="verifyHeaderText" time="0.012"/>
  <testcase classname="tests.GesturesTest" name="performGesturesActions" time="0.662"/>
  <testcase classname="tests.BaseTest" name="@AfterSuite tearDown" time="0.0">
    <ignored/>
  </testcase> <!-- @AfterSuite tearDown -->
  <testcase classname="tests.BaseTest" name="@AfterSuite tearDown" time="0.0">
    <ignored/>
  </testcase> <!-- @AfterSuite tearDown -->
  <testcase classname="tests.BaseTest" name="@AfterSuite tearDown" time="0.0">
    <ignored/>
  </testcase> <!-- @AfterSuite tearDown -->
  <testcase classname="tests.BaseTest" name="@AfterSuite tearDown" time="0.0">
    <ignored/>
  </testcase> <!-- @AfterSuite tearDown -->
  <testcase classname="tests.BaseTest" name="@AfterSuite tearDown" time="0.0">
    <ignored/>
  </testcase> <!-- @AfterSuite tearDown -->
  <testcase classname="tests.BaseTest" name="@AfterSuite tearDown" time="0.0">
    <ignored/>
  </testcase> <!-- @AfterSuite tearDown -->
  <testcase classname="tests.BaseTest" name="@AfterSuite tearDown" time="0.0">
    <ignored/>
  </testcase> <!-- @AfterSuite tearDown -->
  <testcase classname="tests.BaseTest" name="@AfterSuite tearDown" time="0.0">
    <ignored/>
  </testcase> <!-- @AfterSuite tearDown -->
  <testcase classname="tests.BaseTest" name="@AfterSuite tearDown" time="0.0">
    <ignored/>
  </testcase> <!-- @AfterSuite tearDown -->
  <testcase classname="tests.BaseTest" name="@AfterSuite tearDown" time="0.0">
    <ignored/>
  </testcase> <!-- @AfterSuite tearDown -->
  <testcase classname="tests.BaseTest" name="@AfterSuite tearDown" time="0.0">
    <ignored/>
  </testcase> <!-- @AfterSuite tearDown -->
</testsuite> <!-- Core Functional Tests -->
