<?xml version="1.0" encoding="UTF-8"?>
<testsuite xmlns:xsi="http://www.w3.org/2001/XMLSchema-instance" xsi:noNamespaceSchemaLocation="https://maven.apache.org/surefire/maven-surefire-plugin/xsd/surefire-test-report-3.0.xsd" version="3.0" name="TestSuite" time="8.459" tests="15" errors="0" skipped="0" failures="0">
  <properties>
[...]
</properties>
  <testcase name="testGetUserById" classname="reqres.tests.UserTest" time="1.356"/>
  <testcase name="testListUsersPage" classname="reqres.tests.UserTest" time="0.228"/>
  <testcase name="testUserNotFound" classname="reqres.tests.UserTest" time="0.348"/>
  <testcase name="testGetResourceById" classname="reqres.tests.ResourceTest" time="0.202"/>
  <testcase name="testGetResourceNotFound" classname="reqres.tests.ResourceTest" time="0.294"/>
  <testcase name="testGetResourcesList" classname="reqres.tests.ResourceTest" time="0.166"/>
  <testcase name="deleteUserById" classname="reqres.tests.UserCrudTest" time="0.311"/>
  <testcase name="testCreateUser" classname="reqres.tests.UserCrudTest" time="0.521"/>
  <testcase name="testPartialUpdateUser" classname="reqres.tests.UserCrudTest" time="0.301"/>
  <testcase name="testUpdateUser" classname="reqres.tests.UserCrudTest" time="0.308"/>
  <testcase name="testRegisterAccountSuccessfully" classname="reqres.tests.RegisterTest" time="0.291"/>
  <testcase name="testRegisterAccountWithoutPassword" classname="reqres.tests.RegisterTest" time="0.268"/>
  <testcase name="testBadLogin" classname="reqres.tests.LoginTest" time="0.298"/>
  <testcase name="testLogin" classname="reqres.tests.LoginTest" time="0.265"/>
  <testcase name="testDelay" classname="reqres.tests.DelayedTest" time="2.42"/>
</testsuite>