<?xml version="1.0" encoding="UTF-8"?>
<!-- Generated by org.testng.reporters.JUnitXMLReporter -->
<testsuite ignored="0" hostname="DESKTOP-C47RPAV" failures="0" tests="15" name="User Tests" time="7.624" errors="0" timestamp="2025-06-08T14:27:22 GET">
  <testcase classname="reqres.tests.UserTest" name="testGetUserById" time="1.356"/>
  <testcase classname="reqres.tests.UserTest" name="testListUsersPage" time="0.229"/>
  <testcase classname="reqres.tests.UserTest" name="testUserNotFound" time="0.348"/>
  <testcase classname="reqres.tests.ResourceTest" name="testGetResourceById" time="0.201"/>
  <testcase classname="reqres.tests.ResourceTest" name="testGetResourceNotFound" time="0.293"/>
  <testcase classname="reqres.tests.ResourceTest" name="testGetResourcesList" time="0.167"/>
  <testcase classname="reqres.tests.UserCrudTest" name="deleteUserById" time="0.31"/>
  <testcase classname="reqres.tests.UserCrudTest" name="testCreateUser" time="0.521"/>
  <testcase classname="reqres.tests.UserCrudTest" name="testPartialUpdateUser" time="0.301"/>
  <testcase classname="reqres.tests.UserCrudTest" name="testUpdateUser" time="0.309"/>
  <testcase classname="reqres.tests.RegisterTest" name="testRegisterAccountSuccessfully" time="0.29"/>
  <testcase classname="reqres.tests.RegisterTest" name="testRegisterAccountWithoutPassword" time="0.268"/>
  <testcase classname="reqres.tests.LoginTest" name="testBadLogin" time="0.298"/>
  <testcase classname="reqres.tests.LoginTest" name="testLogin" time="0.265"/>
  <testcase classname="reqres.tests.DelayedTest" name="testDelay" time="2.419"/>
</testsuite> <!-- User Tests -->
